# JRE version: OpenJDK Runtime Environment (21.0.3) (build 21.0.3+-12282718-b509.11)
# Java VM: OpenJDK 64-Bit Server VM (21.0.3+-12282718-b509.11, mixed mode, tiered, compressed oops, compressed class ptrs, g1 gc, windows-amd64)
GC Precious Log:
 CardTable entry size: 512
 Card Set container configuration: InlinePtr #cards 5 size 8 Array Of Cards #cards 12 size 40 Howl #buckets 4 coarsen threshold 1843 Howl Bitmap #cards 512 size 80 coarsen threshold 460 Card regions per heap region 1 cards per card region 2048
 CPUs: 16 total, 16 available
 Memory: 16098M
 Large Page Support: Disabled
 NUMA Support: Disabled
 Compressed Oops: Enabled (32-bit)
 Heap Region Size: 1M
 Heap Min Capacity: 8M
 Heap Initial Capacity: 252M
 Heap Max Capacity: 2G
 Pre-touch: Disabled
 Parallel Workers: 13
 Concurrent Workers: 3
 Concurrent Refinement Workers: 13
 Periodic GC: Disabled
Heap:
 garbage-first heap   total 220160K, used 185589K [0x0000000080000000, 0x0000000100000000)
  region size 1024K, 50 young (51200K), 7 survivors (7168K)
 Metaspace       used 102473K, committed 104640K, reserved 1179648K
  class space    used 14038K, committed 15104K, reserved 1048576K
GC Heap History (20 events):
Event: 4.351 GC heap before
{Heap before GC invocations=19 (full 0):
 garbage-first heap   total 138240K, used 122576K [0x0000000080000000, 0x0000000100000000)
  region size 1024K, 41 young (41984K), 6 survivors (6144K)
 Metaspace       used 68483K, committed 70272K, reserved 1114112K
  class space    used 9370K, committed 10240K, reserved 1048576K
}
Event: 4.355 GC heap after
{Heap after GC invocations=20 (full 0):
 garbage-first heap   total 138240K, used 90367K [0x0000000080000000, 0x0000000100000000)
  region size 1024K, 4 young (4096K), 4 survivors (4096K)
 Metaspace       used 68483K, committed 70272K, reserved 1114112K
  class space    used 9370K, committed 10240K, reserved 1048576K
}
Event: 4.436 GC heap before
{Heap before GC invocations=21 (full 0):
 garbage-first heap   total 171008K, used 123135K [0x0000000080000000, 0x0000000100000000)
  region size 1024K, 37 young (37888K), 4 survivors (4096K)
 Metaspace       used 68560K, committed 70336K, reserved 1114112K
  class space    used 9370K, committed 10240K, reserved 1048576K
}
Event: 4.438 GC heap after
{Heap after GC invocations=22 (full 0):
 garbage-first heap   total 171008K, used 91186K [0x0000000080000000, 0x0000000100000000)
  region size 1024K, 4 young (4096K), 4 survivors (4096K)
 Metaspace       used 68560K, committed 70336K, reserved 1114112K
  class space    used 9370K, committed 10240K, reserved 1048576K
}
Event: 4.542 GC heap before
{Heap before GC invocations=22 (full 0):
 garbage-first heap   total 171008K, used 150578K [0x0000000080000000, 0x0000000100000000)
  region size 1024K, 63 young (64512K), 4 survivors (4096K)
 Metaspace       used 68564K, committed 70336K, reserved 1114112K
  class space    used 9370K, committed 10240K, reserved 1048576K
}
Event: 4.545 GC heap after
{Heap after GC invocations=23 (full 0):
 garbage-first heap   total 205824K, used 90909K [0x0000000080000000, 0x0000000100000000)
  region size 1024K, 5 young (5120K), 5 survivors (5120K)
 Metaspace       used 68564K, committed 70336K, reserved 1114112K
  class space    used 9370K, committed 10240K, reserved 1048576K
}
Event: 5.216 GC heap before
{Heap before GC invocations=23 (full 0):
 garbage-first heap   total 205824K, used 190237K [0x0000000080000000, 0x0000000100000000)
  region size 1024K, 96 young (98304K), 5 survivors (5120K)
 Metaspace       used 75659K, committed 77504K, reserved 1179648K
  class space    used 10358K, committed 11264K, reserved 1048576K
}
Event: 5.220 GC heap after
{Heap after GC invocations=24 (full 0):
 garbage-first heap   total 205824K, used 106097K [0x0000000080000000, 0x0000000100000000)
  region size 1024K, 12 young (12288K), 12 survivors (12288K)
 Metaspace       used 75659K, committed 77504K, reserved 1179648K
  class space    used 10358K, committed 11264K, reserved 1048576K
}
Event: 5.661 GC heap before
{Heap before GC invocations=24 (full 0):
 garbage-first heap   total 205824K, used 181873K [0x0000000080000000, 0x0000000100000000)
  region size 1024K, 86 young (88064K), 12 survivors (12288K)
 Metaspace       used 83098K, committed 85056K, reserved 1179648K
  class space    used 11326K, committed 12288K, reserved 1048576K
}
Event: 5.665 GC heap after
{Heap after GC invocations=25 (full 0):
 garbage-first heap   total 205824K, used 109812K [0x0000000080000000, 0x0000000100000000)
  region size 1024K, 4 young (4096K), 4 survivors (4096K)
 Metaspace       used 83098K, committed 85056K, reserved 1179648K
  class space    used 11326K, committed 12288K, reserved 1048576K
}
Event: 5.723 GC heap before
{Heap before GC invocations=25 (full 0):
 garbage-first heap   total 205824K, used 113908K [0x0000000080000000, 0x0000000100000000)
  region size 1024K, 9 young (9216K), 4 survivors (4096K)
 Metaspace       used 84272K, committed 86208K, reserved 1179648K
  class space    used 11454K, committed 12416K, reserved 1048576K
}
Event: 5.725 GC heap after
{Heap after GC invocations=26 (full 0):
 garbage-first heap   total 205824K, used 110507K [0x0000000080000000, 0x0000000100000000)
  region size 1024K, 4 young (4096K), 4 survivors (4096K)
 Metaspace       used 84272K, committed 86208K, reserved 1179648K
  class space    used 11454K, committed 12416K, reserved 1048576K
}
Event: 6.268 GC heap before
{Heap before GC invocations=27 (full 0):
 garbage-first heap   total 208896K, used 195499K [0x0000000080000000, 0x0000000100000000)
  region size 1024K, 82 young (83968K), 4 survivors (4096K)
 Metaspace       used 89025K, committed 91008K, reserved 1179648K
  class space    used 12082K, committed 13056K, reserved 1048576K
}
Event: 6.271 GC heap after
{Heap after GC invocations=28 (full 0):
 garbage-first heap   total 208896K, used 117585K [0x0000000080000000, 0x0000000100000000)
  region size 1024K, 10 young (10240K), 10 survivors (10240K)
 Metaspace       used 89025K, committed 91008K, reserved 1179648K
  class space    used 12082K, committed 13056K, reserved 1048576K
}
Event: 11.576 GC heap before
{Heap before GC invocations=28 (full 0):
 garbage-first heap   total 208896K, used 187217K [0x0000000080000000, 0x0000000100000000)
  region size 1024K, 78 young (79872K), 10 survivors (10240K)
 Metaspace       used 90461K, committed 92480K, reserved 1179648K
  class space    used 12260K, committed 13248K, reserved 1048576K
}
Event: 11.580 GC heap after
{Heap after GC invocations=29 (full 0):
 garbage-first heap   total 208896K, used 122810K [0x0000000080000000, 0x0000000100000000)
  region size 1024K, 8 young (8192K), 8 survivors (8192K)
 Metaspace       used 90461K, committed 92480K, reserved 1179648K
  class space    used 12260K, committed 13248K, reserved 1048576K
}
Event: 12.047 GC heap before
{Heap before GC invocations=29 (full 0):
 garbage-first heap   total 208896K, used 183226K [0x0000000080000000, 0x0000000100000000)
  region size 1024K, 68 young (69632K), 8 survivors (8192K)
 Metaspace       used 93538K, committed 95552K, reserved 1179648K
  class space    used 12618K, committed 13632K, reserved 1048576K
}
Event: 12.051 GC heap after
{Heap after GC invocations=30 (full 0):
 garbage-first heap   total 208896K, used 127435K [0x0000000080000000, 0x0000000100000000)
  region size 1024K, 5 young (5120K), 5 survivors (5120K)
 Metaspace       used 93538K, committed 95552K, reserved 1179648K
  class space    used 12618K, committed 13632K, reserved 1048576K
}
Event: 12.489 GC heap before
{Heap before GC invocations=31 (full 0):
 garbage-first heap   total 220160K, used 191947K [0x0000000080000000, 0x0000000100000000)
  region size 1024K, 67 young (68608K), 5 survivors (5120K)
 Metaspace       used 98381K, committed 100544K, reserved 1179648K
  class space    used 13435K, committed 14528K, reserved 1048576K
}
Event: 12.493 GC heap after
{Heap after GC invocations=32 (full 0):
 garbage-first heap   total 220160K, used 129269K [0x0000000080000000, 0x0000000100000000)
  region size 1024K, 7 young (7168K), 7 survivors (7168K)
 Metaspace       used 98381K, committed 100544K, reserved 1179648K
  class space    used 13435K, committed 14528K, reserved 1048576K
}

