# JRE version: OpenJDK Runtime Environment (21.0.3) (build 21.0.3+-12282718-b509.11)
# Java VM: OpenJDK 64-Bit Server VM (21.0.3+-12282718-b509.11, mixed mode, tiered, compressed oops, compressed class ptrs, g1 gc, windows-amd64)
GC Precious Log:
 CardTable entry size: 512
 Card Set container configuration: InlinePtr #cards 5 size 8 Array Of Cards #cards 12 size 40 Howl #buckets 4 coarsen threshold 1843 Howl Bitmap #cards 512 size 80 coarsen threshold 460 Card regions per heap region 1 cards per card region 2048
 CPUs: 16 total, 16 available
 Memory: 16098M
 Large Page Support: Disabled
 NUMA Support: Disabled
 Compressed Oops: Enabled (32-bit)
 Heap Region Size: 1M
 Heap Min Capacity: 8M
 Heap Initial Capacity: 252M
 Heap Max Capacity: 2G
 Pre-touch: Disabled
 Parallel Workers: 13
 Concurrent Workers: 3
 Concurrent Refinement Workers: 13
 Periodic GC: Disabled
Heap:
 garbage-first heap   total 236544K, used 219879K [0x0000000080000000, 0x0000000100000000)
  region size 1024K, 87 young (89088K), 11 survivors (11264K)
 Metaspace       used 107882K, committed 110144K, reserved 1179648K
  class space    used 14744K, committed 15872K, reserved 1048576K
GC Heap History (20 events):
Event: 4.331 GC heap after
{Heap after GC invocations=20 (full 0):
 garbage-first heap   total 145408K, used 87040K [0x0000000080000000, 0x0000000100000000)
  region size 1024K, 4 young (4096K), 4 survivors (4096K)
 Metaspace       used 67811K, committed 69632K, reserved 1114112K
  class space    used 9348K, committed 10240K, reserved 1048576K
}
Event: 4.492 GC heap before
{Heap before GC invocations=20 (full 0):
 garbage-first heap   total 145408K, used 128000K [0x0000000080000000, 0x0000000100000000)
  region size 1024K, 45 young (46080K), 4 survivors (4096K)
 Metaspace       used 68373K, committed 70144K, reserved 1114112K
  class space    used 9369K, committed 10304K, reserved 1048576K
}
Event: 4.495 GC heap after
{Heap after GC invocations=21 (full 0):
 garbage-first heap   total 145408K, used 89858K [0x0000000080000000, 0x0000000100000000)
  region size 1024K, 6 young (6144K), 6 survivors (6144K)
 Metaspace       used 68373K, committed 70144K, reserved 1114112K
  class space    used 9369K, committed 10304K, reserved 1048576K
}
Event: 4.582 GC heap before
{Heap before GC invocations=21 (full 0):
 garbage-first heap   total 145408K, used 129794K [0x0000000080000000, 0x0000000100000000)
  region size 1024K, 46 young (47104K), 6 survivors (6144K)
 Metaspace       used 68575K, committed 70400K, reserved 1114112K
  class space    used 9369K, committed 10304K, reserved 1048576K
}
Event: 4.586 GC heap after
{Heap after GC invocations=22 (full 0):
 garbage-first heap   total 145408K, used 92288K [0x0000000080000000, 0x0000000100000000)
  region size 1024K, 4 young (4096K), 4 survivors (4096K)
 Metaspace       used 68575K, committed 70400K, reserved 1114112K
  class space    used 9369K, committed 10304K, reserved 1048576K
}
Event: 4.667 GC heap before
{Heap before GC invocations=23 (full 0):
 garbage-first heap   total 179200K, used 129152K [0x0000000080000000, 0x0000000100000000)
  region size 1024K, 41 young (41984K), 4 survivors (4096K)
 Metaspace       used 68579K, committed 70400K, reserved 1114112K
  class space    used 9369K, committed 10304K, reserved 1048576K
}
Event: 4.669 GC heap after
{Heap after GC invocations=24 (full 0):
 garbage-first heap   total 179200K, used 93115K [0x0000000080000000, 0x0000000100000000)
  region size 1024K, 4 young (4096K), 4 survivors (4096K)
 Metaspace       used 68579K, committed 70400K, reserved 1114112K
  class space    used 9369K, committed 10304K, reserved 1048576K
}
Event: 4.968 GC heap before
{Heap before GC invocations=24 (full 0):
 garbage-first heap   total 179200K, used 155579K [0x0000000080000000, 0x0000000100000000)
  region size 1024K, 66 young (67584K), 4 survivors (4096K)
 Metaspace       used 71684K, committed 73472K, reserved 1114112K
  class space    used 9891K, committed 10816K, reserved 1048576K
}
Event: 4.972 GC heap after
{Heap after GC invocations=25 (full 0):
 garbage-first heap   total 217088K, used 93690K [0x0000000080000000, 0x0000000100000000)
  region size 1024K, 6 young (6144K), 6 survivors (6144K)
 Metaspace       used 71684K, committed 73472K, reserved 1114112K
  class space    used 9891K, committed 10816K, reserved 1048576K
}
Event: 5.275 GC heap before
{Heap before GC invocations=25 (full 0):
 garbage-first heap   total 217088K, used 124410K [0x0000000080000000, 0x0000000100000000)
  region size 1024K, 38 young (38912K), 6 survivors (6144K)
 Metaspace       used 74593K, committed 76352K, reserved 1179648K
  class space    used 10224K, committed 11136K, reserved 1048576K
}
Event: 5.279 GC heap after
{Heap after GC invocations=26 (full 0):
 garbage-first heap   total 217088K, used 95728K [0x0000000080000000, 0x0000000100000000)
  region size 1024K, 8 young (8192K), 8 survivors (8192K)
 Metaspace       used 74593K, committed 76352K, reserved 1179648K
  class space    used 10224K, committed 11136K, reserved 1048576K
}
Event: 5.946 GC heap before
{Heap before GC invocations=27 (full 0):
 garbage-first heap   total 217088K, used 202224K [0x0000000080000000, 0x0000000100000000)
  region size 1024K, 106 young (108544K), 8 survivors (8192K)
 Metaspace       used 84257K, committed 86080K, reserved 1179648K
  class space    used 11446K, committed 12352K, reserved 1048576K
}
Event: 5.951 GC heap after
{Heap after GC invocations=28 (full 0):
 garbage-first heap   total 220160K, used 109979K [0x0000000080000000, 0x0000000100000000)
  region size 1024K, 14 young (14336K), 14 survivors (14336K)
 Metaspace       used 84257K, committed 86080K, reserved 1179648K
  class space    used 11446K, committed 12352K, reserved 1048576K
}
Event: 6.538 GC heap before
{Heap before GC invocations=28 (full 0):
 garbage-first heap   total 220160K, used 197019K [0x0000000080000000, 0x0000000100000000)
  region size 1024K, 95 young (97280K), 14 survivors (14336K)
 Metaspace       used 89066K, committed 91008K, reserved 1179648K
  class space    used 12078K, committed 13056K, reserved 1048576K
}
Event: 6.544 GC heap after
{Heap after GC invocations=29 (full 0):
 garbage-first heap   total 224256K, used 117904K [0x0000000080000000, 0x0000000100000000)
  region size 1024K, 9 young (9216K), 9 survivors (9216K)
 Metaspace       used 89066K, committed 91008K, reserved 1179648K
  class space    used 12078K, committed 13056K, reserved 1048576K
}
Event: 6.936 GC heap before
{Heap before GC invocations=29 (full 0):
 garbage-first heap   total 224256K, used 184464K [0x0000000080000000, 0x0000000100000000)
  region size 1024K, 75 young (76800K), 9 survivors (9216K)
 Metaspace       used 91617K, committed 93568K, reserved 1179648K
  class space    used 12424K, committed 13440K, reserved 1048576K
}
Event: 6.941 GC heap after
{Heap after GC invocations=30 (full 0):
 garbage-first heap   total 224256K, used 122765K [0x0000000080000000, 0x0000000100000000)
  region size 1024K, 5 young (5120K), 5 survivors (5120K)
 Metaspace       used 91617K, committed 93568K, reserved 1179648K
  class space    used 12424K, committed 13440K, reserved 1048576K
}
Event: 7.525 GC heap before
{Heap before GC invocations=31 (full 0):
 garbage-first heap   total 224256K, used 207757K [0x0000000080000000, 0x0000000100000000)
  region size 1024K, 87 young (89088K), 5 survivors (5120K)
 Metaspace       used 98235K, committed 100288K, reserved 1179648K
  class space    used 13504K, committed 14528K, reserved 1048576K
}
Event: 7.528 GC heap after
{Heap after GC invocations=32 (full 0):
 garbage-first heap   total 224256K, used 125671K [0x0000000080000000, 0x0000000100000000)
  region size 1024K, 8 young (8192K), 8 survivors (8192K)
 Metaspace       used 98235K, committed 100288K, reserved 1179648K
  class space    used 13504K, committed 14528K, reserved 1048576K
}
Event: 8.044 GC heap before
{Heap before GC invocations=32 (full 0):
 garbage-first heap   total 224256K, used 218855K [0x0000000080000000, 0x0000000100000000)
  region size 1024K, 84 young (86016K), 8 survivors (8192K)
 Metaspace       used 107882K, committed 110144K, reserved 1179648K
  class space    used 14744K, committed 15872K, reserved 1048576K
}

