# JRE version: OpenJDK Runtime Environment (21.0.3) (build 21.0.3+-12282718-b509.11)
# Java VM: OpenJDK 64-Bit Server VM (21.0.3+-12282718-b509.11, mixed mode, tiered, compressed oops, compressed class ptrs, g1 gc, windows-amd64)
GC Precious Log:
 CardTable entry size: 512
 Card Set container configuration: InlinePtr #cards 5 size 8 Array Of Cards #cards 12 size 40 Howl #buckets 4 coarsen threshold 1843 Howl Bitmap #cards 512 size 80 coarsen threshold 460 Card regions per heap region 1 cards per card region 2048
 CPUs: 16 total, 16 available
 Memory: 16098M
 Large Page Support: Disabled
 NUMA Support: Disabled
 Compressed Oops: Enabled (32-bit)
 Heap Region Size: 1M
 Heap Min Capacity: 8M
 Heap Initial Capacity: 252M
 Heap Max Capacity: 2G
 Pre-touch: Disabled
 Parallel Workers: 13
 Concurrent Workers: 3
 Concurrent Refinement Workers: 13
 Periodic GC: Disabled
Heap:
 garbage-first heap   total 116736K, used 89560K [0x0000000080000000, 0x0000000100000000)
  region size 1024K, 62 young (63488K), 9 survivors (9216K)
 Metaspace       used 56993K, committed 58432K, reserved 1114112K
  class space    used 7809K, committed 8512K, reserved 1048576K
GC Heap History (18 events):
Event: 0.287 GC heap before
{Heap before GC invocations=0 (full 0):
 garbage-first heap   total 258048K, used 27648K [0x0000000080000000, 0x0000000100000000)
  region size 1024K, 23 young (23552K), 0 survivors (0K)
 Metaspace       used 8049K, committed 8192K, reserved 1114112K
  class space    used 718K, committed 768K, reserved 1048576K
}
Event: 0.289 GC heap after
{Heap after GC invocations=1 (full 0):
 garbage-first heap   total 258048K, used 9999K [0x0000000080000000, 0x0000000100000000)
  region size 1024K, 3 young (3072K), 3 survivors (3072K)
 Metaspace       used 8049K, committed 8192K, reserved 1114112K
  class space    used 718K, committed 768K, reserved 1048576K
}
Event: 0.574 GC heap before
{Heap before GC invocations=1 (full 0):
 garbage-first heap   total 258048K, used 41743K [0x0000000080000000, 0x0000000100000000)
  region size 1024K, 34 young (34816K), 3 survivors (3072K)
 Metaspace       used 12118K, committed 12352K, reserved 1114112K
  class space    used 1279K, committed 1408K, reserved 1048576K
}
Event: 0.576 GC heap after
{Heap after GC invocations=2 (full 0):
 garbage-first heap   total 258048K, used 12072K [0x0000000080000000, 0x0000000100000000)
  region size 1024K, 2 young (2048K), 2 survivors (2048K)
 Metaspace       used 12118K, committed 12352K, reserved 1114112K
  class space    used 1279K, committed 1408K, reserved 1048576K
}
Event: 0.989 GC heap before
{Heap before GC invocations=2 (full 0):
 garbage-first heap   total 258048K, used 68392K [0x0000000080000000, 0x0000000100000000)
  region size 1024K, 55 young (56320K), 2 survivors (2048K)
 Metaspace       used 18976K, committed 19328K, reserved 1114112K
  class space    used 2136K, committed 2304K, reserved 1048576K
}
Event: 0.994 GC heap after
{Heap after GC invocations=3 (full 0):
 garbage-first heap   total 258048K, used 19760K [0x0000000080000000, 0x0000000100000000)
  region size 1024K, 7 young (7168K), 7 survivors (7168K)
 Metaspace       used 18976K, committed 19328K, reserved 1114112K
  class space    used 2136K, committed 2304K, reserved 1048576K
}
Event: 1.112 GC heap before
{Heap before GC invocations=3 (full 0):
 garbage-first heap   total 258048K, used 30000K [0x0000000080000000, 0x0000000100000000)
  region size 1024K, 18 young (18432K), 7 survivors (7168K)
 Metaspace       used 21137K, committed 21504K, reserved 1114112K
  class space    used 2449K, committed 2624K, reserved 1048576K
}
Event: 1.114 GC heap after
{Heap after GC invocations=4 (full 0):
 garbage-first heap   total 258048K, used 21401K [0x0000000080000000, 0x0000000100000000)
  region size 1024K, 9 young (9216K), 9 survivors (9216K)
 Metaspace       used 21137K, committed 21504K, reserved 1114112K
  class space    used 2449K, committed 2624K, reserved 1048576K
}
Event: 1.631 GC heap before
{Heap before GC invocations=5 (full 0):
 garbage-first heap   total 78848K, used 76697K [0x0000000080000000, 0x0000000100000000)
  region size 1024K, 64 young (65536K), 9 survivors (9216K)
 Metaspace       used 30124K, committed 30720K, reserved 1114112K
  class space    used 3912K, committed 4160K, reserved 1048576K
}
Event: 1.638 GC heap after
{Heap after GC invocations=6 (full 0):
 garbage-first heap   total 91136K, used 24101K [0x0000000080000000, 0x0000000100000000)
  region size 1024K, 12 young (12288K), 12 survivors (12288K)
 Metaspace       used 30124K, committed 30720K, reserved 1114112K
  class space    used 3912K, committed 4160K, reserved 1048576K
}
Event: 1.944 GC heap before
{Heap before GC invocations=6 (full 0):
 garbage-first heap   total 91136K, used 60965K [0x0000000080000000, 0x0000000100000000)
  region size 1024K, 49 young (50176K), 12 survivors (12288K)
 Metaspace       used 35202K, committed 35968K, reserved 1114112K
  class space    used 4739K, committed 5120K, reserved 1048576K
}
Event: 1.948 GC heap after
{Heap after GC invocations=7 (full 0):
 garbage-first heap   total 91136K, used 26772K [0x0000000080000000, 0x0000000100000000)
  region size 1024K, 7 young (7168K), 7 survivors (7168K)
 Metaspace       used 35202K, committed 35968K, reserved 1114112K
  class space    used 4739K, committed 5120K, reserved 1048576K
}
Event: 1.967 GC heap before
{Heap before GC invocations=7 (full 0):
 garbage-first heap   total 91136K, used 28820K [0x0000000080000000, 0x0000000100000000)
  region size 1024K, 10 young (10240K), 7 survivors (7168K)
 Metaspace       used 35440K, committed 36288K, reserved 1114112K
  class space    used 4775K, committed 5184K, reserved 1048576K
}
Event: 1.970 GC heap after
{Heap after GC invocations=8 (full 0):
 garbage-first heap   total 91136K, used 26453K [0x0000000080000000, 0x0000000100000000)
  region size 1024K, 3 young (3072K), 3 survivors (3072K)
 Metaspace       used 35440K, committed 36288K, reserved 1114112K
  class space    used 4775K, committed 5184K, reserved 1048576K
}
Event: 2.462 GC heap before
{Heap before GC invocations=9 (full 0):
 garbage-first heap   total 91136K, used 76629K [0x0000000080000000, 0x0000000100000000)
  region size 1024K, 53 young (54272K), 3 survivors (3072K)
 Metaspace       used 44657K, committed 45760K, reserved 1114112K
  class space    used 6004K, committed 6528K, reserved 1048576K
}
Event: 2.466 GC heap after
{Heap after GC invocations=10 (full 0):
 garbage-first heap   total 116736K, used 30718K [0x0000000080000000, 0x0000000100000000)
  region size 1024K, 7 young (7168K), 7 survivors (7168K)
 Metaspace       used 44657K, committed 45760K, reserved 1114112K
  class space    used 6004K, committed 6528K, reserved 1048576K
}
Event: 3.054 GC heap before
{Heap before GC invocations=10 (full 0):
 garbage-first heap   total 116736K, used 97278K [0x0000000080000000, 0x0000000100000000)
  region size 1024K, 68 young (69632K), 7 survivors (7168K)
 Metaspace       used 49529K, committed 50752K, reserved 1114112K
  class space    used 6645K, committed 7232K, reserved 1048576K
}
Event: 3.058 GC heap after
{Heap after GC invocations=11 (full 0):
 garbage-first heap   total 116736K, used 36312K [0x0000000080000000, 0x0000000100000000)
  region size 1024K, 9 young (9216K), 9 survivors (9216K)
 Metaspace       used 49529K, committed 50752K, reserved 1114112K
  class space    used 6645K, committed 7232K, reserved 1048576K
}

