# JRE version: OpenJDK Runtime Environment (21.0.3) (build 21.0.3+-12282718-b509.11)
# Java VM: OpenJDK 64-Bit Server VM (21.0.3+-12282718-b509.11, mixed mode, tiered, compressed oops, compressed class ptrs, g1 gc, windows-amd64)
GC Precious Log:
 CardTable entry size: 512
 Card Set container configuration: InlinePtr #cards 5 size 8 Array Of Cards #cards 12 size 40 Howl #buckets 4 coarsen threshold 1843 Howl Bitmap #cards 512 size 80 coarsen threshold 460 Card regions per heap region 1 cards per card region 2048
 CPUs: 16 total, 16 available
 Memory: 16098M
 Large Page Support: Disabled
 NUMA Support: Disabled
 Compressed Oops: Enabled (32-bit)
 Heap Region Size: 1M
 Heap Min Capacity: 8M
 Heap Initial Capacity: 252M
 Heap Max Capacity: 2G
 Pre-touch: Disabled
 Parallel Workers: 13
 Concurrent Workers: 3
 Concurrent Refinement Workers: 13
 Periodic GC: Disabled
Heap:
 garbage-first heap   total 201728K, used 156219K [0x0000000080000000, 0x0000000100000000)
  region size 1024K, 49 young (50176K), 4 survivors (4096K)
 Metaspace       used 80796K, committed 82752K, reserved 1179648K
  class space    used 10942K, committed 11904K, reserved 1048576K
GC Heap History (20 events):
Event: 3.455 GC heap before
{Heap before GC invocations=15 (full 0):
 garbage-first heap   total 118784K, used 69632K [0x0000000080000000, 0x0000000100000000)
  region size 1024K, 8 young (8192K), 6 survivors (6144K)
 Metaspace       used 56408K, committed 57920K, reserved 1114112K
  class space    used 7710K, committed 8448K, reserved 1048576K
}
Event: 3.457 GC heap after
{Heap after GC invocations=16 (full 0):
 garbage-first heap   total 118784K, used 69640K [0x0000000080000000, 0x0000000100000000)
  region size 1024K, 1 young (1024K), 1 survivors (1024K)
 Metaspace       used 56408K, committed 57920K, reserved 1114112K
  class space    used 7710K, committed 8448K, reserved 1048576K
}
Event: 3.692 GC heap before
{Heap before GC invocations=17 (full 0):
 garbage-first heap   total 132096K, used 110600K [0x0000000080000000, 0x0000000100000000)
  region size 1024K, 34 young (34816K), 1 survivors (1024K)
 Metaspace       used 58772K, committed 60352K, reserved 1114112K
  class space    used 7927K, committed 8704K, reserved 1048576K
}
Event: 3.694 GC heap after
{Heap after GC invocations=18 (full 0):
 garbage-first heap   total 132096K, used 79517K [0x0000000080000000, 0x0000000100000000)
  region size 1024K, 5 young (5120K), 5 survivors (5120K)
 Metaspace       used 58772K, committed 60352K, reserved 1114112K
  class space    used 7927K, committed 8704K, reserved 1048576K
}
Event: 3.960 GC heap before
{Heap before GC invocations=18 (full 0):
 garbage-first heap   total 132096K, used 115357K [0x0000000080000000, 0x0000000100000000)
  region size 1024K, 40 young (40960K), 5 survivors (5120K)
 Metaspace       used 63637K, committed 65216K, reserved 1114112K
  class space    used 8703K, committed 9472K, reserved 1048576K
}
Event: 3.963 GC heap after
{Heap after GC invocations=19 (full 0):
 garbage-first heap   total 132096K, used 81279K [0x0000000080000000, 0x0000000100000000)
  region size 1024K, 2 young (2048K), 2 survivors (2048K)
 Metaspace       used 63637K, committed 65216K, reserved 1114112K
  class space    used 8703K, committed 9472K, reserved 1048576K
}
Event: 4.280 GC heap before
{Heap before GC invocations=19 (full 0):
 garbage-first heap   total 132096K, used 117119K [0x0000000080000000, 0x0000000100000000)
  region size 1024K, 37 young (37888K), 2 survivors (2048K)
 Metaspace       used 67372K, committed 69120K, reserved 1114112K
  class space    used 9303K, committed 10176K, reserved 1048576K
}
Event: 4.283 GC heap after
{Heap after GC invocations=20 (full 0):
 garbage-first heap   total 158720K, used 83708K [0x0000000080000000, 0x0000000100000000)
  region size 1024K, 5 young (5120K), 5 survivors (5120K)
 Metaspace       used 67372K, committed 69120K, reserved 1114112K
  class space    used 9303K, committed 10176K, reserved 1048576K
}
Event: 4.607 GC heap before
{Heap before GC invocations=21 (full 0):
 garbage-first heap   total 158720K, used 133884K [0x0000000080000000, 0x0000000100000000)
  region size 1024K, 55 young (56320K), 5 survivors (5120K)
 Metaspace       used 68311K, committed 70080K, reserved 1114112K
  class space    used 9349K, committed 10240K, reserved 1048576K
}
Event: 4.610 GC heap after
{Heap after GC invocations=22 (full 0):
 garbage-first heap   total 158720K, used 89023K [0x0000000080000000, 0x0000000100000000)
  region size 1024K, 7 young (7168K), 7 survivors (7168K)
 Metaspace       used 68311K, committed 70080K, reserved 1114112K
  class space    used 9349K, committed 10240K, reserved 1048576K
}
Event: 4.715 GC heap before
{Heap before GC invocations=22 (full 0):
 garbage-first heap   total 158720K, used 137151K [0x0000000080000000, 0x0000000100000000)
  region size 1024K, 55 young (56320K), 7 survivors (7168K)
 Metaspace       used 68490K, committed 70272K, reserved 1114112K
  class space    used 9349K, committed 10240K, reserved 1048576K
}
Event: 4.718 GC heap after
{Heap after GC invocations=23 (full 0):
 garbage-first heap   total 158720K, used 90249K [0x0000000080000000, 0x0000000100000000)
  region size 1024K, 5 young (5120K), 5 survivors (5120K)
 Metaspace       used 68490K, committed 70272K, reserved 1114112K
  class space    used 9349K, committed 10240K, reserved 1048576K
}
Event: 4.805 GC heap before
{Heap before GC invocations=23 (full 0):
 garbage-first heap   total 158720K, used 138377K [0x0000000080000000, 0x0000000100000000)
  region size 1024K, 53 young (54272K), 5 survivors (5120K)
 Metaspace       used 68503K, committed 70272K, reserved 1114112K
  class space    used 9350K, committed 10240K, reserved 1048576K
}
Event: 4.807 GC heap after
{Heap after GC invocations=24 (full 0):
 garbage-first heap   total 158720K, used 91318K [0x0000000080000000, 0x0000000100000000)
  region size 1024K, 4 young (4096K), 4 survivors (4096K)
 Metaspace       used 68503K, committed 70272K, reserved 1114112K
  class space    used 9350K, committed 10240K, reserved 1048576K
}
Event: 5.064 GC heap before
{Heap before GC invocations=25 (full 0):
 garbage-first heap   total 173056K, used 146614K [0x0000000080000000, 0x0000000100000000)
  region size 1024K, 52 young (53248K), 4 survivors (4096K)
 Metaspace       used 70659K, committed 72512K, reserved 1114112K
  class space    used 9625K, committed 10560K, reserved 1048576K
}
Event: 5.066 GC heap after
{Heap after GC invocations=26 (full 0):
 garbage-first heap   total 173056K, used 103765K [0x0000000080000000, 0x0000000100000000)
  region size 1024K, 7 young (7168K), 7 survivors (7168K)
 Metaspace       used 70659K, committed 72512K, reserved 1114112K
  class space    used 9625K, committed 10560K, reserved 1048576K
}
Event: 5.393 GC heap before
{Heap before GC invocations=26 (full 0):
 garbage-first heap   total 173056K, used 150869K [0x0000000080000000, 0x0000000100000000)
  region size 1024K, 54 young (55296K), 7 survivors (7168K)
 Metaspace       used 75512K, committed 77248K, reserved 1179648K
  class space    used 10204K, committed 11072K, reserved 1048576K
}
Event: 5.396 GC heap after
{Heap after GC invocations=27 (full 0):
 garbage-first heap   total 173056K, used 104159K [0x0000000080000000, 0x0000000100000000)
  region size 1024K, 2 young (2048K), 2 survivors (2048K)
 Metaspace       used 75512K, committed 77248K, reserved 1179648K
  class space    used 10204K, committed 11072K, reserved 1048576K
}
Event: 5.561 GC heap before
{Heap before GC invocations=27 (full 0):
 garbage-first heap   total 173056K, used 123615K [0x0000000080000000, 0x0000000100000000)
  region size 1024K, 22 young (22528K), 2 survivors (2048K)
 Metaspace       used 78272K, committed 80128K, reserved 1179648K
  class space    used 10589K, committed 11520K, reserved 1048576K
}
Event: 5.563 GC heap after
{Heap after GC invocations=28 (full 0):
 garbage-first heap   total 173056K, used 106043K [0x0000000080000000, 0x0000000100000000)
  region size 1024K, 4 young (4096K), 4 survivors (4096K)
 Metaspace       used 78272K, committed 80128K, reserved 1179648K
  class space    used 10589K, committed 11520K, reserved 1048576K
}

