# JRE version: OpenJDK Runtime Environment (21.0.3) (build 21.0.3+-12282718-b509.11)
# Java VM: OpenJDK 64-Bit Server VM (21.0.3+-12282718-b509.11, mixed mode, tiered, compressed oops, compressed class ptrs, g1 gc, windows-amd64)
GC Precious Log:
 CardTable entry size: 512
 Card Set container configuration: InlinePtr #cards 5 size 8 Array Of Cards #cards 12 size 40 Howl #buckets 4 coarsen threshold 1843 Howl Bitmap #cards 512 size 80 coarsen threshold 460 Card regions per heap region 1 cards per card region 2048
 CPUs: 16 total, 16 available
 Memory: 16098M
 Large Page Support: Disabled
 NUMA Support: Disabled
 Compressed Oops: Enabled (32-bit)
 Heap Region Size: 1M
 Heap Min Capacity: 8M
 Heap Initial Capacity: 252M
 Heap Max Capacity: 2G
 Pre-touch: Disabled
 Parallel Workers: 13
 Concurrent Workers: 3
 Concurrent Refinement Workers: 13
 Periodic GC: Disabled
Heap:
 garbage-first heap   total 140288K, used 86312K [0x0000000080000000, 0x0000000100000000)
  region size 1024K, 7 young (7168K), 3 survivors (3072K)
 Metaspace       used 66183K, committed 67904K, reserved 1114112K
  class space    used 9130K, committed 9984K, reserved 1048576K
GC Heap History (20 events):
Event: 1.221 GC heap before
{Heap before GC invocations=3 (full 0):
 garbage-first heap   total 258048K, used 36446K [0x0000000080000000, 0x0000000100000000)
  region size 1024K, 24 young (24576K), 6 survivors (6144K)
 Metaspace       used 21187K, committed 21504K, reserved 1114112K
  class space    used 2433K, committed 2624K, reserved 1048576K
}
Event: 1.223 GC heap after
{Heap after GC invocations=4 (full 0):
 garbage-first heap   total 258048K, used 21617K [0x0000000080000000, 0x0000000100000000)
  region size 1024K, 9 young (9216K), 9 survivors (9216K)
 Metaspace       used 21187K, committed 21504K, reserved 1114112K
  class space    used 2433K, committed 2624K, reserved 1048576K
}
Event: 1.678 GC heap before
{Heap before GC invocations=5 (full 0):
 garbage-first heap   total 78848K, used 77937K [0x0000000080000000, 0x0000000100000000)
  region size 1024K, 64 young (65536K), 9 survivors (9216K)
 Metaspace       used 30158K, committed 30720K, reserved 1114112K
  class space    used 3887K, committed 4160K, reserved 1048576K
}
Event: 1.682 GC heap after
{Heap after GC invocations=6 (full 0):
 garbage-first heap   total 91136K, used 24571K [0x0000000080000000, 0x0000000100000000)
  region size 1024K, 12 young (12288K), 12 survivors (12288K)
 Metaspace       used 30158K, committed 30720K, reserved 1114112K
  class space    used 3887K, committed 4160K, reserved 1048576K
}
Event: 2.008 GC heap before
{Heap before GC invocations=6 (full 0):
 garbage-first heap   total 91136K, used 74747K [0x0000000080000000, 0x0000000100000000)
  region size 1024K, 52 young (53248K), 12 survivors (12288K)
 Metaspace       used 35123K, committed 35968K, reserved 1114112K
  class space    used 4735K, committed 5184K, reserved 1048576K
}
Event: 2.011 GC heap after
{Heap after GC invocations=7 (full 0):
 garbage-first heap   total 95232K, used 40742K [0x0000000080000000, 0x0000000100000000)
  region size 1024K, 7 young (7168K), 7 survivors (7168K)
 Metaspace       used 35123K, committed 35968K, reserved 1114112K
  class space    used 4735K, committed 5184K, reserved 1048576K
}
Event: 2.042 GC heap before
{Heap before GC invocations=7 (full 0):
 garbage-first heap   total 95232K, used 45862K [0x0000000080000000, 0x0000000100000000)
  region size 1024K, 12 young (12288K), 7 survivors (7168K)
 Metaspace       used 35416K, committed 36288K, reserved 1114112K
  class space    used 4784K, committed 5184K, reserved 1048576K
}
Event: 2.045 GC heap after
{Heap after GC invocations=8 (full 0):
 garbage-first heap   total 95232K, used 44239K [0x0000000080000000, 0x0000000100000000)
  region size 1024K, 2 young (2048K), 2 survivors (2048K)
 Metaspace       used 35416K, committed 36288K, reserved 1114112K
  class space    used 4784K, committed 5184K, reserved 1048576K
}
Event: 2.353 GC heap before
{Heap before GC invocations=9 (full 0):
 garbage-first heap   total 95232K, used 82127K [0x0000000080000000, 0x0000000100000000)
  region size 1024K, 39 young (39936K), 2 survivors (2048K)
 Metaspace       used 40188K, committed 41280K, reserved 1114112K
  class space    used 5565K, committed 6080K, reserved 1048576K
}
Event: 2.354 GC heap after
{Heap after GC invocations=10 (full 0):
 garbage-first heap   total 95232K, used 45383K [0x0000000080000000, 0x0000000100000000)
  region size 1024K, 3 young (3072K), 3 survivors (3072K)
 Metaspace       used 40188K, committed 41280K, reserved 1114112K
  class space    used 5565K, committed 6080K, reserved 1048576K
}
Event: 2.653 GC heap before
{Heap before GC invocations=10 (full 0):
 garbage-first heap   total 95232K, used 83271K [0x0000000080000000, 0x0000000100000000)
  region size 1024K, 40 young (40960K), 3 survivors (3072K)
 Metaspace       used 47618K, committed 48896K, reserved 1114112K
  class space    used 6536K, committed 7168K, reserved 1048576K
}
Event: 2.655 GC heap after
{Heap after GC invocations=11 (full 0):
 garbage-first heap   total 95232K, used 48633K [0x0000000080000000, 0x0000000100000000)
  region size 1024K, 5 young (5120K), 5 survivors (5120K)
 Metaspace       used 47618K, committed 48896K, reserved 1114112K
  class space    used 6536K, committed 7168K, reserved 1048576K
}
Event: 2.809 GC heap before
{Heap before GC invocations=11 (full 0):
 garbage-first heap   total 95232K, used 81401K [0x0000000080000000, 0x0000000100000000)
  region size 1024K, 39 young (39936K), 5 survivors (5120K)
 Metaspace       used 49543K, committed 50816K, reserved 1114112K
  class space    used 6728K, committed 7360K, reserved 1048576K
}
Event: 2.812 GC heap after
{Heap after GC invocations=12 (full 0):
 garbage-first heap   total 95232K, used 52744K [0x0000000080000000, 0x0000000100000000)
  region size 1024K, 4 young (4096K), 4 survivors (4096K)
 Metaspace       used 49543K, committed 50816K, reserved 1114112K
  class space    used 6728K, committed 7360K, reserved 1048576K
}
Event: 3.086 GC heap before
{Heap before GC invocations=13 (full 0):
 garbage-first heap   total 99328K, used 89608K [0x0000000080000000, 0x0000000100000000)
  region size 1024K, 35 young (35840K), 4 survivors (4096K)
 Metaspace       used 53923K, committed 55424K, reserved 1114112K
  class space    used 7341K, committed 8064K, reserved 1048576K
}
Event: 3.088 GC heap after
{Heap after GC invocations=14 (full 0):
 garbage-first heap   total 122880K, used 54558K [0x0000000080000000, 0x0000000100000000)
  region size 1024K, 3 young (3072K), 3 survivors (3072K)
 Metaspace       used 53923K, committed 55424K, reserved 1114112K
  class space    used 7341K, committed 8064K, reserved 1048576K
}
Event: 3.467 GC heap before
{Heap before GC invocations=14 (full 0):
 garbage-first heap   total 122880K, used 121118K [0x0000000080000000, 0x0000000100000000)
  region size 1024K, 53 young (54272K), 3 survivors (3072K)
 Metaspace       used 58245K, committed 59776K, reserved 1114112K
  class space    used 7831K, committed 8576K, reserved 1048576K
}
Event: 3.471 GC heap after
{Heap after GC invocations=15 (full 0):
 garbage-first heap   total 135168K, used 76925K [0x0000000080000000, 0x0000000100000000)
  region size 1024K, 7 young (7168K), 7 survivors (7168K)
 Metaspace       used 58245K, committed 59776K, reserved 1114112K
  class space    used 7831K, committed 8576K, reserved 1048576K
}
Event: 3.765 GC heap before
{Heap before GC invocations=15 (full 0):
 garbage-first heap   total 135168K, used 118909K [0x0000000080000000, 0x0000000100000000)
  region size 1024K, 48 young (49152K), 7 survivors (7168K)
 Metaspace       used 61799K, committed 63360K, reserved 1114112K
  class space    used 8408K, committed 9152K, reserved 1048576K
}
Event: 3.768 GC heap after
{Heap after GC invocations=16 (full 0):
 garbage-first heap   total 135168K, used 80687K [0x0000000080000000, 0x0000000100000000)
  region size 1024K, 5 young (5120K), 5 survivors (5120K)
 Metaspace       used 61799K, committed 63360K, reserved 1114112K
  class space    used 8408K, committed 9152K, reserved 1048576K
}

