# JRE version: OpenJDK Runtime Environment (21.0.3) (build 21.0.3+-12282718-b509.11)
# Java VM: OpenJDK 64-Bit Server VM (21.0.3+-12282718-b509.11, mixed mode, tiered, compressed oops, compressed class ptrs, g1 gc, windows-amd64)
GC Precious Log:
 CardTable entry size: 512
 Card Set container configuration: InlinePtr #cards 5 size 8 Array Of Cards #cards 12 size 40 Howl #buckets 4 coarsen threshold 1843 Howl Bitmap #cards 512 size 80 coarsen threshold 460 Card regions per heap region 1 cards per card region 2048
 CPUs: 16 total, 16 available
 Memory: 16098M
 Large Page Support: Disabled
 NUMA Support: Disabled
 Compressed Oops: Enabled (32-bit)
 Heap Region Size: 1M
 Heap Min Capacity: 8M
 Heap Initial Capacity: 252M
 Heap Max Capacity: 2G
 Pre-touch: Disabled
 Parallel Workers: 13
 Concurrent Workers: 3
 Concurrent Refinement Workers: 13
 Periodic GC: Disabled
Heap:
 garbage-first heap   total 171008K, used 101803K [0x0000000080000000, 0x0000000100000000)
  region size 1024K, 16 young (16384K), 4 survivors (4096K)
 Metaspace       used 68548K, committed 70272K, reserved 1114112K
  class space    used 9358K, committed 10240K, reserved 1048576K
GC Heap History (20 events):
Event: 2.052 GC heap before
{Heap before GC invocations=7 (full 0):
 garbage-first heap   total 96256K, used 47216K [0x0000000080000000, 0x0000000100000000)
  region size 1024K, 13 young (13312K), 7 survivors (7168K)
 Metaspace       used 35456K, committed 36288K, reserved 1114112K
  class space    used 4789K, committed 5184K, reserved 1048576K
}
Event: 2.055 GC heap after
{Heap after GC invocations=8 (full 0):
 garbage-first heap   total 96256K, used 43484K [0x0000000080000000, 0x0000000100000000)
  region size 1024K, 2 young (2048K), 2 survivors (2048K)
 Metaspace       used 35456K, committed 36288K, reserved 1114112K
  class space    used 4789K, committed 5184K, reserved 1048576K
}
Event: 2.347 GC heap before
{Heap before GC invocations=9 (full 0):
 garbage-first heap   total 96256K, used 82396K [0x0000000080000000, 0x0000000100000000)
  region size 1024K, 40 young (40960K), 2 survivors (2048K)
 Metaspace       used 40249K, committed 41280K, reserved 1114112K
  class space    used 5575K, committed 6080K, reserved 1048576K
}
Event: 2.348 GC heap after
{Heap after GC invocations=10 (full 0):
 garbage-first heap   total 96256K, used 44680K [0x0000000080000000, 0x0000000100000000)
  region size 1024K, 3 young (3072K), 3 survivors (3072K)
 Metaspace       used 40249K, committed 41280K, reserved 1114112K
  class space    used 5575K, committed 6080K, reserved 1048576K
}
Event: 2.664 GC heap before
{Heap before GC invocations=10 (full 0):
 garbage-first heap   total 96256K, used 83592K [0x0000000080000000, 0x0000000100000000)
  region size 1024K, 41 young (41984K), 3 survivors (3072K)
 Metaspace       used 47953K, committed 49216K, reserved 1114112K
  class space    used 6585K, committed 7232K, reserved 1048576K
}
Event: 2.667 GC heap after
{Heap after GC invocations=11 (full 0):
 garbage-first heap   total 96256K, used 48093K [0x0000000080000000, 0x0000000100000000)
  region size 1024K, 6 young (6144K), 6 survivors (6144K)
 Metaspace       used 47953K, committed 49216K, reserved 1114112K
  class space    used 6585K, committed 7232K, reserved 1048576K
}
Event: 2.813 GC heap before
{Heap before GC invocations=11 (full 0):
 garbage-first heap   total 96256K, used 79837K [0x0000000080000000, 0x0000000100000000)
  region size 1024K, 38 young (38912K), 6 survivors (6144K)
 Metaspace       used 49499K, committed 50752K, reserved 1114112K
  class space    used 6714K, committed 7360K, reserved 1048576K
}
Event: 2.815 GC heap after
{Heap after GC invocations=12 (full 0):
 garbage-first heap   total 96256K, used 52566K [0x0000000080000000, 0x0000000100000000)
  region size 1024K, 4 young (4096K), 4 survivors (4096K)
 Metaspace       used 49499K, committed 50752K, reserved 1114112K
  class space    used 6714K, committed 7360K, reserved 1048576K
}
Event: 3.155 GC heap before
{Heap before GC invocations=13 (full 0):
 garbage-first heap   total 97280K, used 89430K [0x0000000080000000, 0x0000000100000000)
  region size 1024K, 36 young (36864K), 4 survivors (4096K)
 Metaspace       used 53987K, committed 55488K, reserved 1114112K
  class space    used 7348K, committed 8064K, reserved 1048576K
}
Event: 3.158 GC heap after
{Heap after GC invocations=14 (full 0):
 garbage-first heap   total 125952K, used 53617K [0x0000000080000000, 0x0000000100000000)
  region size 1024K, 3 young (3072K), 3 survivors (3072K)
 Metaspace       used 53987K, committed 55488K, reserved 1114112K
  class space    used 7348K, committed 8064K, reserved 1048576K
}
Event: 3.547 GC heap before
{Heap before GC invocations=14 (full 0):
 garbage-first heap   total 125952K, used 124273K [0x0000000080000000, 0x0000000100000000)
  region size 1024K, 57 young (58368K), 3 survivors (3072K)
 Metaspace       used 58377K, committed 59904K, reserved 1114112K
  class space    used 7844K, committed 8576K, reserved 1048576K
}
Event: 3.552 GC heap after
{Heap after GC invocations=15 (full 0):
 garbage-first heap   total 138240K, used 76529K [0x0000000080000000, 0x0000000100000000)
  region size 1024K, 8 young (8192K), 8 survivors (8192K)
 Metaspace       used 58377K, committed 59904K, reserved 1114112K
  class space    used 7844K, committed 8576K, reserved 1048576K
}
Event: 3.895 GC heap before
{Heap before GC invocations=15 (full 0):
 garbage-first heap   total 138240K, used 121585K [0x0000000080000000, 0x0000000100000000)
  region size 1024K, 52 young (53248K), 8 survivors (8192K)
 Metaspace       used 62768K, committed 64384K, reserved 1114112K
  class space    used 8566K, committed 9344K, reserved 1048576K
}
Event: 3.899 GC heap after
{Heap after GC invocations=16 (full 0):
 garbage-first heap   total 138240K, used 81031K [0x0000000080000000, 0x0000000100000000)
  region size 1024K, 4 young (4096K), 4 survivors (4096K)
 Metaspace       used 62768K, committed 64384K, reserved 1114112K
  class space    used 8566K, committed 9344K, reserved 1048576K
}
Event: 4.221 GC heap before
{Heap before GC invocations=17 (full 0):
 garbage-first heap   total 142336K, used 123015K [0x0000000080000000, 0x0000000100000000)
  region size 1024K, 45 young (46080K), 4 survivors (4096K)
 Metaspace       used 67174K, committed 68864K, reserved 1114112K
  class space    used 9269K, committed 10112K, reserved 1048576K
}
Event: 4.224 GC heap after
{Heap after GC invocations=18 (full 0):
 garbage-first heap   total 142336K, used 83832K [0x0000000080000000, 0x0000000100000000)
  region size 1024K, 3 young (3072K), 3 survivors (3072K)
 Metaspace       used 67174K, committed 68864K, reserved 1114112K
  class space    used 9269K, committed 10112K, reserved 1048576K
}
Event: 4.514 GC heap before
{Heap before GC invocations=18 (full 0):
 garbage-first heap   total 142336K, used 126840K [0x0000000080000000, 0x0000000100000000)
  region size 1024K, 46 young (47104K), 3 survivors (3072K)
 Metaspace       used 68304K, committed 70080K, reserved 1114112K
  class space    used 9358K, committed 10240K, reserved 1048576K
}
Event: 4.517 GC heap after
{Heap after GC invocations=19 (full 0):
 garbage-first heap   total 142336K, used 88466K [0x0000000080000000, 0x0000000100000000)
  region size 1024K, 6 young (6144K), 6 survivors (6144K)
 Metaspace       used 68304K, committed 70080K, reserved 1114112K
  class space    used 9358K, committed 10240K, reserved 1048576K
}
Event: 4.600 GC heap before
{Heap before GC invocations=19 (full 0):
 garbage-first heap   total 142336K, used 126354K [0x0000000080000000, 0x0000000100000000)
  region size 1024K, 44 young (45056K), 6 survivors (6144K)
 Metaspace       used 68514K, committed 70272K, reserved 1114112K
  class space    used 9358K, committed 10240K, reserved 1048576K
}
Event: 4.604 GC heap after
{Heap after GC invocations=20 (full 0):
 garbage-first heap   total 171008K, used 91563K [0x0000000080000000, 0x0000000100000000)
  region size 1024K, 4 young (4096K), 4 survivors (4096K)
 Metaspace       used 68514K, committed 70272K, reserved 1114112K
  class space    used 9358K, committed 10240K, reserved 1048576K
}

