# JRE version: OpenJDK Runtime Environment (21.0.3) (build 21.0.3+-12282718-b509.11)
# Java VM: OpenJDK 64-Bit Server VM (21.0.3+-12282718-b509.11, mixed mode, tiered, compressed oops, compressed class ptrs, g1 gc, windows-amd64)
GC Precious Log:
 CardTable entry size: 512
 Card Set container configuration: InlinePtr #cards 5 size 8 Array Of Cards #cards 12 size 40 Howl #buckets 4 coarsen threshold 1843 Howl Bitmap #cards 512 size 80 coarsen threshold 460 Card regions per heap region 1 cards per card region 2048
 CPUs: 16 total, 16 available
 Memory: 16098M
 Large Page Support: Disabled
 NUMA Support: Disabled
 Compressed Oops: Enabled (32-bit)
 Heap Region Size: 1M
 Heap Min Capacity: 8M
 Heap Initial Capacity: 252M
 Heap Max Capacity: 2G
 Pre-touch: Disabled
 Parallel Workers: 13
 Concurrent Workers: 3
 Concurrent Refinement Workers: 13
 Periodic GC: Disabled
Heap:
 garbage-first heap   total 130048K, used 80054K [0x0000000080000000, 0x0000000100000000)
  region size 1024K, 3 young (3072K), 2 survivors (2048K)
 Metaspace       used 57591K, committed 59136K, reserved 1114112K
  class space    used 7746K, committed 8512K, reserved 1048576K
GC Heap History (20 events):
Event: 1.002 GC heap before
{Heap before GC invocations=2 (full 0):
 garbage-first heap   total 258048K, used 60422K [0x0000000080000000, 0x0000000100000000)
  region size 1024K, 48 young (49152K), 3 survivors (3072K)
 Metaspace       used 15848K, committed 16128K, reserved 1114112K
  class space    used 1765K, committed 1920K, reserved 1048576K
}
Event: 1.006 GC heap after
{Heap after GC invocations=3 (full 0):
 garbage-first heap   total 258048K, used 18936K [0x0000000080000000, 0x0000000100000000)
  region size 1024K, 6 young (6144K), 6 survivors (6144K)
 Metaspace       used 15848K, committed 16128K, reserved 1114112K
  class space    used 1765K, committed 1920K, reserved 1048576K
}
Event: 1.251 GC heap before
{Heap before GC invocations=3 (full 0):
 garbage-first heap   total 258048K, used 36344K [0x0000000080000000, 0x0000000100000000)
  region size 1024K, 24 young (24576K), 6 survivors (6144K)
 Metaspace       used 21177K, committed 21504K, reserved 1114112K
  class space    used 2432K, committed 2624K, reserved 1048576K
}
Event: 1.253 GC heap after
{Heap after GC invocations=4 (full 0):
 garbage-first heap   total 258048K, used 21412K [0x0000000080000000, 0x0000000100000000)
  region size 1024K, 9 young (9216K), 9 survivors (9216K)
 Metaspace       used 21177K, committed 21504K, reserved 1114112K
  class space    used 2432K, committed 2624K, reserved 1048576K
}
Event: 1.834 GC heap before
{Heap before GC invocations=5 (full 0):
 garbage-first heap   total 78848K, used 76708K [0x0000000080000000, 0x0000000100000000)
  region size 1024K, 64 young (65536K), 9 survivors (9216K)
 Metaspace       used 30300K, committed 30976K, reserved 1114112K
  class space    used 3904K, committed 4224K, reserved 1048576K
}
Event: 1.838 GC heap after
{Heap after GC invocations=6 (full 0):
 garbage-first heap   total 91136K, used 24257K [0x0000000080000000, 0x0000000100000000)
  region size 1024K, 12 young (12288K), 12 survivors (12288K)
 Metaspace       used 30300K, committed 30976K, reserved 1114112K
  class space    used 3904K, committed 4224K, reserved 1048576K
}
Event: 2.229 GC heap before
{Heap before GC invocations=6 (full 0):
 garbage-first heap   total 91136K, used 73409K [0x0000000080000000, 0x0000000100000000)
  region size 1024K, 51 young (52224K), 12 survivors (12288K)
 Metaspace       used 35172K, committed 35968K, reserved 1114112K
  class space    used 4737K, committed 5120K, reserved 1048576K
}
Event: 2.233 GC heap after
{Heap after GC invocations=7 (full 0):
 garbage-first heap   total 95232K, used 41427K [0x0000000080000000, 0x0000000100000000)
  region size 1024K, 7 young (7168K), 7 survivors (7168K)
 Metaspace       used 35172K, committed 35968K, reserved 1114112K
  class space    used 4737K, committed 5120K, reserved 1048576K
}
Event: 2.267 GC heap before
{Heap before GC invocations=7 (full 0):
 garbage-first heap   total 95232K, used 46547K [0x0000000080000000, 0x0000000100000000)
  region size 1024K, 12 young (12288K), 7 survivors (7168K)
 Metaspace       used 35446K, committed 36288K, reserved 1114112K
  class space    used 4784K, committed 5184K, reserved 1048576K
}
Event: 2.269 GC heap after
{Heap after GC invocations=8 (full 0):
 garbage-first heap   total 95232K, used 44032K [0x0000000080000000, 0x0000000100000000)
  region size 1024K, 2 young (2048K), 2 survivors (2048K)
 Metaspace       used 35446K, committed 36288K, reserved 1114112K
  class space    used 4784K, committed 5184K, reserved 1048576K
}
Event: 2.547 GC heap before
{Heap before GC invocations=9 (full 0):
 garbage-first heap   total 95232K, used 78848K [0x0000000080000000, 0x0000000100000000)
  region size 1024K, 36 young (36864K), 2 survivors (2048K)
 Metaspace       used 39838K, committed 40896K, reserved 1114112K
  class space    used 5500K, committed 6016K, reserved 1048576K
}
Event: 2.549 GC heap after
{Heap after GC invocations=10 (full 0):
 garbage-first heap   total 95232K, used 45032K [0x0000000080000000, 0x0000000100000000)
  region size 1024K, 3 young (3072K), 3 survivors (3072K)
 Metaspace       used 39838K, committed 40896K, reserved 1114112K
  class space    used 5500K, committed 6016K, reserved 1048576K
}
Event: 2.852 GC heap before
{Heap before GC invocations=10 (full 0):
 garbage-first heap   total 95232K, used 79848K [0x0000000080000000, 0x0000000100000000)
  region size 1024K, 38 young (38912K), 3 survivors (3072K)
 Metaspace       used 46317K, committed 47552K, reserved 1114112K
  class space    used 6401K, committed 6976K, reserved 1048576K
}
Event: 2.854 GC heap after
{Heap after GC invocations=11 (full 0):
 garbage-first heap   total 95232K, used 47748K [0x0000000080000000, 0x0000000100000000)
  region size 1024K, 5 young (5120K), 5 survivors (5120K)
 Metaspace       used 46317K, committed 47552K, reserved 1114112K
  class space    used 6401K, committed 6976K, reserved 1048576K
}
Event: 3.031 GC heap before
{Heap before GC invocations=11 (full 0):
 garbage-first heap   total 95232K, used 81540K [0x0000000080000000, 0x0000000100000000)
  region size 1024K, 39 young (39936K), 5 survivors (5120K)
 Metaspace       used 49114K, committed 50432K, reserved 1114112K
  class space    used 6673K, committed 7296K, reserved 1048576K
}
Event: 3.034 GC heap after
{Heap after GC invocations=12 (full 0):
 garbage-first heap   total 95232K, used 51270K [0x0000000080000000, 0x0000000100000000)
  region size 1024K, 4 young (4096K), 4 survivors (4096K)
 Metaspace       used 49114K, committed 50432K, reserved 1114112K
  class space    used 6673K, committed 7296K, reserved 1048576K
}
Event: 3.338 GC heap before
{Heap before GC invocations=13 (full 0):
 garbage-first heap   total 95232K, used 88134K [0x0000000080000000, 0x0000000100000000)
  region size 1024K, 35 young (35840K), 4 survivors (4096K)
 Metaspace       used 53246K, committed 54720K, reserved 1114112K
  class space    used 7206K, committed 7936K, reserved 1048576K
}
Event: 3.341 GC heap after
{Heap after GC invocations=14 (full 0):
 garbage-first heap   total 118784K, used 54238K [0x0000000080000000, 0x0000000100000000)
  region size 1024K, 4 young (4096K), 4 survivors (4096K)
 Metaspace       used 53246K, committed 54720K, reserved 1114112K
  class space    used 7206K, committed 7936K, reserved 1048576K
}
Event: 3.798 GC heap before
{Heap before GC invocations=14 (full 0):
 garbage-first heap   total 124928K, used 114654K [0x0000000080000000, 0x0000000100000000)
  region size 1024K, 50 young (51200K), 4 survivors (4096K)
 Metaspace       used 56627K, committed 58112K, reserved 1114112K
  class space    used 7732K, committed 8448K, reserved 1048576K
}
Event: 3.802 GC heap after
{Heap after GC invocations=15 (full 0):
 garbage-first heap   total 130048K, used 76842K [0x0000000080000000, 0x0000000100000000)
  region size 1024K, 7 young (7168K), 7 survivors (7168K)
 Metaspace       used 56627K, committed 58112K, reserved 1114112K
  class space    used 7732K, committed 8448K, reserved 1048576K
}

