# JRE version: OpenJDK Runtime Environment (21.0.3) (build 21.0.3+-12282718-b509.11)
# Java VM: OpenJDK 64-Bit Server VM (21.0.3+-12282718-b509.11, mixed mode, tiered, compressed oops, compressed class ptrs, g1 gc, windows-amd64)
GC Precious Log:
 CardTable entry size: 512
 Card Set container configuration: InlinePtr #cards 5 size 8 Array Of Cards #cards 12 size 40 Howl #buckets 4 coarsen threshold 1843 Howl Bitmap #cards 512 size 80 coarsen threshold 460 Card regions per heap region 1 cards per card region 2048
 CPUs: 16 total, 16 available
 Memory: 16098M
 Large Page Support: Disabled
 NUMA Support: Disabled
 Compressed Oops: Enabled (32-bit)
 Heap Region Size: 1M
 Heap Min Capacity: 8M
 Heap Initial Capacity: 252M
 Heap Max Capacity: 2G
 Pre-touch: Disabled
 Parallel Workers: 13
 Concurrent Workers: 3
 Concurrent Refinement Workers: 13
 Periodic GC: Disabled
Heap:
 garbage-first heap   total 143360K, used 89188K [0x0000000080000000, 0x0000000100000000)
  region size 1024K, 5 young (5120K), 5 survivors (5120K)
 Metaspace       used 68274K, committed 70080K, reserved 1114112K
  class space    used 9359K, committed 10240K, reserved 1048576K
GC Heap History (20 events):
Event: 1.588 GC heap after
{Heap after GC invocations=6 (full 0):
 garbage-first heap   total 92160K, used 24509K [0x0000000080000000, 0x0000000100000000)
  region size 1024K, 13 young (13312K), 13 survivors (13312K)
 Metaspace       used 30077K, committed 30656K, reserved 1114112K
  class space    used 3875K, committed 4160K, reserved 1048576K
}
Event: 1.914 GC heap before
{Heap before GC invocations=6 (full 0):
 garbage-first heap   total 92160K, used 75709K [0x0000000080000000, 0x0000000100000000)
  region size 1024K, 54 young (55296K), 13 survivors (13312K)
 Metaspace       used 35096K, committed 35968K, reserved 1114112K
  class space    used 4730K, committed 5184K, reserved 1048576K
}
Event: 1.918 GC heap after
{Heap after GC invocations=7 (full 0):
 garbage-first heap   total 97280K, used 40371K [0x0000000080000000, 0x0000000100000000)
  region size 1024K, 7 young (7168K), 7 survivors (7168K)
 Metaspace       used 35096K, committed 35968K, reserved 1114112K
  class space    used 4730K, committed 5184K, reserved 1048576K
}
Event: 1.962 GC heap before
{Heap before GC invocations=7 (full 0):
 garbage-first heap   total 97280K, used 46515K [0x0000000080000000, 0x0000000100000000)
  region size 1024K, 13 young (13312K), 7 survivors (7168K)
 Metaspace       used 35429K, committed 36288K, reserved 1114112K
  class space    used 4787K, committed 5248K, reserved 1048576K
}
Event: 1.964 GC heap after
{Heap after GC invocations=8 (full 0):
 garbage-first heap   total 97280K, used 43617K [0x0000000080000000, 0x0000000100000000)
  region size 1024K, 2 young (2048K), 2 survivors (2048K)
 Metaspace       used 35429K, committed 36288K, reserved 1114112K
  class space    used 4787K, committed 5248K, reserved 1048576K
}
Event: 2.243 GC heap before
{Heap before GC invocations=9 (full 0):
 garbage-first heap   total 97280K, used 83553K [0x0000000080000000, 0x0000000100000000)
  region size 1024K, 41 young (41984K), 2 survivors (2048K)
 Metaspace       used 40384K, committed 41472K, reserved 1114112K
  class space    used 5605K, committed 6144K, reserved 1048576K
}
Event: 2.244 GC heap after
{Heap after GC invocations=10 (full 0):
 garbage-first heap   total 116736K, used 44723K [0x0000000080000000, 0x0000000100000000)
  region size 1024K, 3 young (3072K), 3 survivors (3072K)
 Metaspace       used 40384K, committed 41472K, reserved 1114112K
  class space    used 5605K, committed 6144K, reserved 1048576K
}
Event: 2.625 GC heap before
{Heap before GC invocations=10 (full 0):
 garbage-first heap   total 116736K, used 101043K [0x0000000080000000, 0x0000000100000000)
  region size 1024K, 59 young (60416K), 3 survivors (3072K)
 Metaspace       used 49005K, committed 50304K, reserved 1114112K
  class space    used 6667K, committed 7296K, reserved 1048576K
}
Event: 2.629 GC heap after
{Heap after GC invocations=11 (full 0):
 garbage-first heap   total 116736K, used 50648K [0x0000000080000000, 0x0000000100000000)
  region size 1024K, 8 young (8192K), 8 survivors (8192K)
 Metaspace       used 49005K, committed 50304K, reserved 1114112K
  class space    used 6667K, committed 7296K, reserved 1048576K
}
Event: 2.975 GC heap before
{Heap before GC invocations=11 (full 0):
 garbage-first heap   total 116736K, used 105944K [0x0000000080000000, 0x0000000100000000)
  region size 1024K, 57 young (58368K), 8 survivors (8192K)
 Metaspace       used 54691K, committed 56192K, reserved 1114112K
  class space    used 7448K, committed 8192K, reserved 1048576K
}
Event: 2.978 GC heap after
{Heap after GC invocations=12 (full 0):
 garbage-first heap   total 118784K, used 54168K [0x0000000080000000, 0x0000000100000000)
  region size 1024K, 5 young (5120K), 5 survivors (5120K)
 Metaspace       used 54691K, committed 56192K, reserved 1114112K
  class space    used 7448K, committed 8192K, reserved 1048576K
}
Event: 3.192 GC heap before
{Heap before GC invocations=12 (full 0):
 garbage-first heap   total 118784K, used 82840K [0x0000000080000000, 0x0000000100000000)
  region size 1024K, 33 young (33792K), 5 survivors (5120K)
 Metaspace       used 56273K, committed 57728K, reserved 1114112K
  class space    used 7676K, committed 8384K, reserved 1048576K
}
Event: 3.194 GC heap after
{Heap after GC invocations=13 (full 0):
 garbage-first heap   total 118784K, used 61963K [0x0000000080000000, 0x0000000100000000)
  region size 1024K, 6 young (6144K), 6 survivors (6144K)
 Metaspace       used 56273K, committed 57728K, reserved 1114112K
  class space    used 7676K, committed 8384K, reserved 1048576K
}
Event: 3.432 GC heap before
{Heap before GC invocations=14 (full 0):
 garbage-first heap   total 118784K, used 117259K [0x0000000080000000, 0x0000000100000000)
  region size 1024K, 47 young (48128K), 6 survivors (6144K)
 Metaspace       used 59198K, committed 60800K, reserved 1114112K
  class space    used 8021K, committed 8768K, reserved 1048576K
}
Event: 3.435 GC heap after
{Heap after GC invocations=15 (full 0):
 garbage-first heap   total 130048K, used 79368K [0x0000000080000000, 0x0000000100000000)
  region size 1024K, 6 young (6144K), 6 survivors (6144K)
 Metaspace       used 59198K, committed 60800K, reserved 1114112K
  class space    used 8021K, committed 8768K, reserved 1048576K
}
Event: 3.712 GC heap before
{Heap before GC invocations=15 (full 0):
 garbage-first heap   total 130048K, used 116232K [0x0000000080000000, 0x0000000100000000)
  region size 1024K, 42 young (43008K), 6 survivors (6144K)
 Metaspace       used 64276K, committed 65856K, reserved 1114112K
  class space    used 8786K, committed 9536K, reserved 1048576K
}
Event: 3.715 GC heap after
{Heap after GC invocations=16 (full 0):
 garbage-first heap   total 130048K, used 81019K [0x0000000080000000, 0x0000000100000000)
  region size 1024K, 3 young (3072K), 3 survivors (3072K)
 Metaspace       used 64276K, committed 65856K, reserved 1114112K
  class space    used 8786K, committed 9536K, reserved 1048576K
}
Event: 4.089 GC heap before
{Heap before GC invocations=16 (full 0):
 garbage-first heap   total 130048K, used 117883K [0x0000000080000000, 0x0000000100000000)
  region size 1024K, 39 young (39936K), 3 survivors (3072K)
 Metaspace       used 67689K, committed 69440K, reserved 1114112K
  class space    used 9335K, committed 10240K, reserved 1048576K
}
Event: 4.091 GC heap after
{Heap after GC invocations=17 (full 0):
 garbage-first heap   total 130048K, used 84280K [0x0000000080000000, 0x0000000100000000)
  region size 1024K, 5 young (5120K), 5 survivors (5120K)
 Metaspace       used 67689K, committed 69440K, reserved 1114112K
  class space    used 9335K, committed 10240K, reserved 1048576K
}
Event: 4.301 GC heap before
{Heap before GC invocations=18 (full 0):
 garbage-first heap   total 143360K, used 116024K [0x0000000080000000, 0x0000000100000000)
  region size 1024K, 37 young (37888K), 5 survivors (5120K)
 Metaspace       used 68274K, committed 70080K, reserved 1114112K
  class space    used 9359K, committed 10240K, reserved 1048576K
}

