# JRE version: OpenJDK Runtime Environment (21.0.3) (build 21.0.3+-12282718-b509.11)
# Java VM: OpenJDK 64-Bit Server VM (21.0.3+-12282718-b509.11, mixed mode, tiered, compressed oops, compressed class ptrs, g1 gc, windows-amd64)
GC Precious Log:
 CardTable entry size: 512
 Card Set container configuration: InlinePtr #cards 5 size 8 Array Of Cards #cards 12 size 40 Howl #buckets 4 coarsen threshold 1843 Howl Bitmap #cards 512 size 80 coarsen threshold 460 Card regions per heap region 1 cards per card region 2048
 CPUs: 16 total, 16 available
 Memory: 16098M
 Large Page Support: Disabled
 NUMA Support: Disabled
 Compressed Oops: Enabled (32-bit)
 Heap Region Size: 1M
 Heap Min Capacity: 8M
 Heap Initial Capacity: 252M
 Heap Max Capacity: 2G
 Pre-touch: Disabled
 Parallel Workers: 13
 Concurrent Workers: 3
 Concurrent Refinement Workers: 13
 Periodic GC: Disabled
Heap:
 garbage-first heap   total 196608K, used 126512K [0x0000000080000000, 0x0000000100000000)
  region size 1024K, 16 young (16384K), 7 survivors (7168K)
 Metaspace       used 89140K, committed 90944K, reserved 1179648K
  class space    used 12072K, committed 12992K, reserved 1048576K
GC Heap History (20 events):
Event: 4.229 GC heap before
{Heap before GC invocations=20 (full 0):
 garbage-first heap   total 142336K, used 110105K [0x0000000080000000, 0x0000000100000000)
  region size 1024K, 30 young (30720K), 4 survivors (4096K)
 Metaspace       used 67941K, committed 69696K, reserved 1114112K
  class space    used 9341K, committed 10240K, reserved 1048576K
}
Event: 4.232 GC heap after
{Heap after GC invocations=21 (full 0):
 garbage-first heap   total 142336K, used 86433K [0x0000000080000000, 0x0000000100000000)
  region size 1024K, 4 young (4096K), 4 survivors (4096K)
 Metaspace       used 67941K, committed 69696K, reserved 1114112K
  class space    used 9341K, committed 10240K, reserved 1048576K
}
Event: 4.341 GC heap before
{Heap before GC invocations=21 (full 0):
 garbage-first heap   total 142336K, used 124321K [0x0000000080000000, 0x0000000100000000)
  region size 1024K, 42 young (43008K), 4 survivors (4096K)
 Metaspace       used 68309K, committed 70080K, reserved 1114112K
  class space    used 9341K, committed 10240K, reserved 1048576K
}
Event: 4.344 GC heap after
{Heap after GC invocations=22 (full 0):
 garbage-first heap   total 142336K, used 89212K [0x0000000080000000, 0x0000000100000000)
  region size 1024K, 6 young (6144K), 6 survivors (6144K)
 Metaspace       used 68309K, committed 70080K, reserved 1114112K
  class space    used 9341K, committed 10240K, reserved 1048576K
}
Event: 4.418 GC heap before
{Heap before GC invocations=22 (full 0):
 garbage-first heap   total 142336K, used 126076K [0x0000000080000000, 0x0000000100000000)
  region size 1024K, 43 young (44032K), 6 survivors (6144K)
 Metaspace       used 68487K, committed 70208K, reserved 1114112K
  class space    used 9341K, committed 10240K, reserved 1048576K
}
Event: 4.421 GC heap after
{Heap after GC invocations=23 (full 0):
 garbage-first heap   total 171008K, used 90863K [0x0000000080000000, 0x0000000100000000)
  region size 1024K, 4 young (4096K), 4 survivors (4096K)
 Metaspace       used 68487K, committed 70208K, reserved 1114112K
  class space    used 9341K, committed 10240K, reserved 1048576K
}
Event: 4.529 GC heap before
{Heap before GC invocations=24 (full 0):
 garbage-first heap   total 176128K, used 145135K [0x0000000080000000, 0x0000000100000000)
  region size 1024K, 58 young (59392K), 4 survivors (4096K)
 Metaspace       used 68494K, committed 70208K, reserved 1114112K
  class space    used 9342K, committed 10240K, reserved 1048576K
}
Event: 4.531 GC heap after
{Heap after GC invocations=25 (full 0):
 garbage-first heap   total 176128K, used 91723K [0x0000000080000000, 0x0000000100000000)
  region size 1024K, 5 young (5120K), 5 survivors (5120K)
 Metaspace       used 68494K, committed 70208K, reserved 1114112K
  class space    used 9342K, committed 10240K, reserved 1048576K
}
Event: 4.865 GC heap before
{Heap before GC invocations=25 (full 0):
 garbage-first heap   total 176128K, used 151115K [0x0000000080000000, 0x0000000100000000)
  region size 1024K, 64 young (65536K), 5 survivors (5120K)
 Metaspace       used 71680K, committed 73344K, reserved 1114112K
  class space    used 9865K, committed 10688K, reserved 1048576K
}
Event: 4.868 GC heap after
{Heap after GC invocations=26 (full 0):
 garbage-first heap   total 176128K, used 92398K [0x0000000080000000, 0x0000000100000000)
  region size 1024K, 7 young (7168K), 7 survivors (7168K)
 Metaspace       used 71680K, committed 73344K, reserved 1114112K
  class space    used 9865K, committed 10688K, reserved 1048576K
}
Event: 5.072 GC heap before
{Heap before GC invocations=26 (full 0):
 garbage-first heap   total 176128K, used 111854K [0x0000000080000000, 0x0000000100000000)
  region size 1024K, 27 young (27648K), 7 survivors (7168K)
 Metaspace       used 74508K, committed 76288K, reserved 1179648K
  class space    used 10197K, committed 11072K, reserved 1048576K
}
Event: 5.075 GC heap after
{Heap after GC invocations=27 (full 0):
 garbage-first heap   total 176128K, used 94175K [0x0000000080000000, 0x0000000100000000)
  region size 1024K, 3 young (3072K), 3 survivors (3072K)
 Metaspace       used 74508K, committed 76288K, reserved 1179648K
  class space    used 10197K, committed 11072K, reserved 1048576K
}
Event: 5.439 GC heap before
{Heap before GC invocations=28 (full 0):
 garbage-first heap   total 176128K, used 162783K [0x0000000080000000, 0x0000000100000000)
  region size 1024K, 64 young (65536K), 3 survivors (3072K)
 Metaspace       used 79327K, committed 81088K, reserved 1179648K
  class space    used 10746K, committed 11584K, reserved 1048576K
}
Event: 5.442 GC heap after
{Heap after GC invocations=29 (full 0):
 garbage-first heap   total 176128K, used 106786K [0x0000000080000000, 0x0000000100000000)
  region size 1024K, 8 young (8192K), 8 survivors (8192K)
 Metaspace       used 79327K, committed 81088K, reserved 1179648K
  class space    used 10746K, committed 11584K, reserved 1048576K
}
Event: 5.765 GC heap before
{Heap before GC invocations=29 (full 0):
 garbage-first heap   total 176128K, used 162082K [0x0000000080000000, 0x0000000100000000)
  region size 1024K, 57 young (58368K), 8 survivors (8192K)
 Metaspace       used 84258K, committed 86144K, reserved 1179648K
  class space    used 11435K, committed 12352K, reserved 1048576K
}
Event: 5.768 GC heap after
{Heap after GC invocations=30 (full 0):
 garbage-first heap   total 179200K, used 112059K [0x0000000080000000, 0x0000000100000000)
  region size 1024K, 6 young (6144K), 6 survivors (6144K)
 Metaspace       used 84258K, committed 86144K, reserved 1179648K
  class space    used 11435K, committed 12352K, reserved 1048576K
}
Event: 6.056 GC heap before
{Heap before GC invocations=30 (full 0):
 garbage-first heap   total 179200K, used 161211K [0x0000000080000000, 0x0000000100000000)
  region size 1024K, 54 young (55296K), 6 survivors (6144K)
 Metaspace       used 87963K, committed 89728K, reserved 1179648K
  class space    used 11909K, committed 12800K, reserved 1048576K
}
Event: 6.059 GC heap after
{Heap after GC invocations=31 (full 0):
 garbage-first heap   total 179200K, used 114957K [0x0000000080000000, 0x0000000100000000)
  region size 1024K, 3 young (3072K), 3 survivors (3072K)
 Metaspace       used 87963K, committed 89728K, reserved 1179648K
  class space    used 11909K, committed 12800K, reserved 1048576K
}
Event: 6.422 GC heap before
{Heap before GC invocations=32 (full 0):
 garbage-first heap   total 196608K, used 164109K [0x0000000080000000, 0x0000000100000000)
  region size 1024K, 51 young (52224K), 3 survivors (3072K)
 Metaspace       used 89014K, committed 90880K, reserved 1179648K
  class space    used 12054K, committed 12928K, reserved 1048576K
}
Event: 6.425 GC heap after
{Heap after GC invocations=33 (full 0):
 garbage-first heap   total 196608K, used 118320K [0x0000000080000000, 0x0000000100000000)
  region size 1024K, 7 young (7168K), 7 survivors (7168K)
 Metaspace       used 89014K, committed 90880K, reserved 1179648K
  class space    used 12054K, committed 12928K, reserved 1048576K
}

