# JRE version: OpenJDK Runtime Environment (21.0.3) (build 21.0.3+-12282718-b509.11)
# Java VM: OpenJDK 64-Bit Server VM (21.0.3+-12282718-b509.11, mixed mode, tiered, compressed oops, compressed class ptrs, g1 gc, windows-amd64)
GC Precious Log:
 CardTable entry size: 512
 Card Set container configuration: InlinePtr #cards 5 size 8 Array Of Cards #cards 12 size 40 Howl #buckets 4 coarsen threshold 1843 Howl Bitmap #cards 512 size 80 coarsen threshold 460 Card regions per heap region 1 cards per card region 2048
 CPUs: 16 total, 16 available
 Memory: 16098M
 Large Page Support: Disabled
 NUMA Support: Disabled
 Compressed Oops: Enabled (32-bit)
 Heap Region Size: 1M
 Heap Min Capacity: 8M
 Heap Initial Capacity: 252M
 Heap Max Capacity: 2G
 Pre-touch: Disabled
 Parallel Workers: 13
 Concurrent Workers: 3
 Concurrent Refinement Workers: 13
 Periodic GC: Disabled
Heap:
 garbage-first heap   total 199680K, used 118976K [0x0000000080000000, 0x0000000100000000)
  region size 1024K, 4 young (4096K), 4 survivors (4096K)
 Metaspace       used 85322K, committed 87360K, reserved 1179648K
  class space    used 11550K, committed 12544K, reserved 1048576K
GC Heap History (20 events):
Event: 3.845 GC heap after
{Heap after GC invocations=16 (full 0):
 garbage-first heap   total 122880K, used 82075K [0x0000000080000000, 0x0000000100000000)
  region size 1024K, 3 young (3072K), 3 survivors (3072K)
 Metaspace       used 62814K, committed 64384K, reserved 1114112K
  class space    used 8579K, committed 9344K, reserved 1048576K
}
Event: 4.029 GC heap before
{Heap before GC invocations=16 (full 0):
 garbage-first heap   total 122880K, used 110747K [0x0000000080000000, 0x0000000100000000)
  region size 1024K, 31 young (31744K), 3 survivors (3072K)
 Metaspace       used 66018K, committed 67776K, reserved 1114112K
  class space    used 9093K, committed 9984K, reserved 1048576K
}
Event: 4.031 GC heap after
{Heap after GC invocations=17 (full 0):
 garbage-first heap   total 147456K, used 83595K [0x0000000080000000, 0x0000000100000000)
  region size 1024K, 4 young (4096K), 4 survivors (4096K)
 Metaspace       used 66018K, committed 67776K, reserved 1114112K
  class space    used 9093K, committed 9984K, reserved 1048576K
}
Event: 4.482 GC heap before
{Heap before GC invocations=18 (full 0):
 garbage-first heap   total 147456K, used 127627K [0x0000000080000000, 0x0000000100000000)
  region size 1024K, 48 young (49152K), 4 survivors (4096K)
 Metaspace       used 68205K, committed 69952K, reserved 1114112K
  class space    used 9352K, committed 10240K, reserved 1048576K
}
Event: 4.485 GC heap after
{Heap after GC invocations=19 (full 0):
 garbage-first heap   total 147456K, used 89591K [0x0000000080000000, 0x0000000100000000)
  region size 1024K, 6 young (6144K), 6 survivors (6144K)
 Metaspace       used 68205K, committed 69952K, reserved 1114112K
  class space    used 9352K, committed 10240K, reserved 1048576K
}
Event: 4.586 GC heap before
{Heap before GC invocations=19 (full 0):
 garbage-first heap   total 147456K, used 129527K [0x0000000080000000, 0x0000000100000000)
  region size 1024K, 46 young (47104K), 6 survivors (6144K)
 Metaspace       used 68486K, committed 70208K, reserved 1114112K
  class space    used 9353K, committed 10240K, reserved 1048576K
}
Event: 4.590 GC heap after
{Heap after GC invocations=20 (full 0):
 garbage-first heap   total 147456K, used 91101K [0x0000000080000000, 0x0000000100000000)
  region size 1024K, 4 young (4096K), 4 survivors (4096K)
 Metaspace       used 68486K, committed 70208K, reserved 1114112K
  class space    used 9353K, committed 10240K, reserved 1048576K
}
Event: 4.665 GC heap before
{Heap before GC invocations=20 (full 0):
 garbage-first heap   total 147456K, used 131037K [0x0000000080000000, 0x0000000100000000)
  region size 1024K, 44 young (45056K), 4 survivors (4096K)
 Metaspace       used 68537K, committed 70336K, reserved 1114112K
  class space    used 9353K, committed 10240K, reserved 1048576K
}
Event: 4.668 GC heap after
{Heap after GC invocations=21 (full 0):
 garbage-first heap   total 147456K, used 92130K [0x0000000080000000, 0x0000000100000000)
  region size 1024K, 4 young (4096K), 4 survivors (4096K)
 Metaspace       used 68537K, committed 70336K, reserved 1114112K
  class space    used 9353K, committed 10240K, reserved 1048576K
}
Event: 4.777 GC heap before
{Heap before GC invocations=22 (full 0):
 garbage-first heap   total 174080K, used 132066K [0x0000000080000000, 0x0000000100000000)
  region size 1024K, 44 young (45056K), 4 survivors (4096K)
 Metaspace       used 68543K, committed 70336K, reserved 1114112K
  class space    used 9353K, committed 10240K, reserved 1048576K
}
Event: 4.780 GC heap after
{Heap after GC invocations=23 (full 0):
 garbage-first heap   total 174080K, used 92925K [0x0000000080000000, 0x0000000100000000)
  region size 1024K, 4 young (4096K), 4 survivors (4096K)
 Metaspace       used 68543K, committed 70336K, reserved 1114112K
  class space    used 9353K, committed 10240K, reserved 1048576K
}
Event: 5.354 GC heap before
{Heap before GC invocations=23 (full 0):
 garbage-first heap   total 174080K, used 158461K [0x0000000080000000, 0x0000000100000000)
  region size 1024K, 62 young (63488K), 4 survivors (4096K)
 Metaspace       used 71938K, committed 73792K, reserved 1114112K
  class space    used 9790K, committed 10688K, reserved 1048576K
}
Event: 5.356 GC heap after
{Heap after GC invocations=24 (full 0):
 garbage-first heap   total 174080K, used 104034K [0x0000000080000000, 0x0000000100000000)
  region size 1024K, 8 young (8192K), 8 survivors (8192K)
 Metaspace       used 71938K, committed 73792K, reserved 1114112K
  class space    used 9790K, committed 10688K, reserved 1048576K
}
Event: 5.796 GC heap before
{Heap before GC invocations=24 (full 0):
 garbage-first heap   total 174080K, used 155234K [0x0000000080000000, 0x0000000100000000)
  region size 1024K, 58 young (59392K), 8 survivors (8192K)
 Metaspace       used 78137K, committed 79936K, reserved 1179648K
  class space    used 10576K, committed 11456K, reserved 1048576K
}
Event: 5.800 GC heap after
{Heap after GC invocations=25 (full 0):
 garbage-first heap   total 174080K, used 107390K [0x0000000080000000, 0x0000000100000000)
  region size 1024K, 4 young (4096K), 4 survivors (4096K)
 Metaspace       used 78137K, committed 79936K, reserved 1179648K
  class space    used 10576K, committed 11456K, reserved 1048576K
}
Event: 6.125 GC heap before
{Heap before GC invocations=26 (full 0):
 garbage-first heap   total 184320K, used 161662K [0x0000000080000000, 0x0000000100000000)
  region size 1024K, 52 young (53248K), 4 survivors (4096K)
 Metaspace       used 80998K, committed 82880K, reserved 1179648K
  class space    used 10964K, committed 11904K, reserved 1048576K
}
Event: 6.128 GC heap after
{Heap after GC invocations=27 (full 0):
 garbage-first heap   total 184320K, used 112377K [0x0000000080000000, 0x0000000100000000)
  region size 1024K, 7 young (7168K), 7 survivors (7168K)
 Metaspace       used 80998K, committed 82880K, reserved 1179648K
  class space    used 10964K, committed 11904K, reserved 1048576K
}
Event: 6.369 GC heap before
{Heap before GC invocations=27 (full 0):
 garbage-first heap   total 184320K, used 165625K [0x0000000080000000, 0x0000000100000000)
  region size 1024K, 59 young (60416K), 7 survivors (7168K)
 Metaspace       used 82770K, committed 84672K, reserved 1179648K
  class space    used 11200K, committed 12160K, reserved 1048576K
}
Event: 6.374 GC heap after
{Heap after GC invocations=28 (full 0):
 garbage-first heap   total 184320K, used 115288K [0x0000000080000000, 0x0000000100000000)
  region size 1024K, 5 young (5120K), 5 survivors (5120K)
 Metaspace       used 82770K, committed 84672K, reserved 1179648K
  class space    used 11200K, committed 12160K, reserved 1048576K
}
Event: 6.672 GC heap before
{Heap before GC invocations=28 (full 0):
 garbage-first heap   total 184320K, used 161368K [0x0000000080000000, 0x0000000100000000)
  region size 1024K, 51 young (52224K), 5 survivors (5120K)
 Metaspace       used 85322K, committed 87360K, reserved 1179648K
  class space    used 11550K, committed 12544K, reserved 1048576K
}

