# JRE version: OpenJDK Runtime Environment (21.0.3) (build 21.0.3+-12282718-b509.11)
# Java VM: OpenJDK 64-Bit Server VM (21.0.3+-12282718-b509.11, mixed mode, tiered, compressed oops, compressed class ptrs, g1 gc, windows-amd64)
GC Precious Log:
 CardTable entry size: 512
 Card Set container configuration: InlinePtr #cards 5 size 8 Array Of Cards #cards 12 size 40 Howl #buckets 4 coarsen threshold 1843 Howl Bitmap #cards 512 size 80 coarsen threshold 460 Card regions per heap region 1 cards per card region 2048
 CPUs: 16 total, 16 available
 Memory: 16098M
 Large Page Support: Disabled
 NUMA Support: Disabled
 Compressed Oops: Enabled (32-bit)
 Heap Region Size: 1M
 Heap Min Capacity: 8M
 Heap Initial Capacity: 252M
 Heap Max Capacity: 2G
 Pre-touch: Disabled
 Parallel Workers: 13
 Concurrent Workers: 3
 Concurrent Refinement Workers: 13
 Periodic GC: Disabled
Heap:
 garbage-first heap   total 174080K, used 131504K [0x0000000080000000, 0x0000000100000000)
  region size 1024K, 7 young (7168K), 3 survivors (3072K)
 Metaspace       used 100284K, committed 102464K, reserved 1179648K
  class space    used 13903K, committed 14976K, reserved 1048576K
GC Heap History (20 events):
Event: 4.398 GC heap before
{Heap before GC invocations=21 (full 0):
 garbage-first heap   total 138240K, used 72409K [0x0000000080000000, 0x0000000100000000)
  region size 1024K, 12 young (12288K), 5 survivors (5120K)
 Metaspace       used 74603K, committed 76416K, reserved 1114112K
  class space    used 10050K, committed 10944K, reserved 1048576K
}
Event: 4.400 GC heap after
{Heap after GC invocations=22 (full 0):
 garbage-first heap   total 138240K, used 67842K [0x0000000080000000, 0x0000000100000000)
  region size 1024K, 4 young (4096K), 4 survivors (4096K)
 Metaspace       used 74603K, committed 76416K, reserved 1114112K
  class space    used 10050K, committed 10944K, reserved 1048576K
}
Event: 4.714 GC heap before
{Heap before GC invocations=23 (full 0):
 garbage-first heap   total 138240K, used 129282K [0x0000000080000000, 0x0000000100000000)
  region size 1024K, 59 young (60416K), 4 survivors (4096K)
 Metaspace       used 78136K, committed 79936K, reserved 1179648K
  class space    used 10510K, committed 11392K, reserved 1048576K
}
Event: 4.717 GC heap after
{Heap after GC invocations=24 (full 0):
 garbage-first heap   total 138240K, used 73366K [0x0000000080000000, 0x0000000100000000)
  region size 1024K, 8 young (8192K), 8 survivors (8192K)
 Metaspace       used 78136K, committed 79936K, reserved 1179648K
  class space    used 10510K, committed 11392K, reserved 1048576K
}
Event: 4.912 GC heap before
{Heap before GC invocations=24 (full 0):
 garbage-first heap   total 138240K, used 121494K [0x0000000080000000, 0x0000000100000000)
  region size 1024K, 55 young (56320K), 8 survivors (8192K)
 Metaspace       used 79096K, committed 80896K, reserved 1179648K
  class space    used 10655K, committed 11584K, reserved 1048576K
}
Event: 4.915 GC heap after
{Heap after GC invocations=25 (full 0):
 garbage-first heap   total 138240K, used 77024K [0x0000000080000000, 0x0000000100000000)
  region size 1024K, 5 young (5120K), 5 survivors (5120K)
 Metaspace       used 79096K, committed 80896K, reserved 1179648K
  class space    used 10655K, committed 11584K, reserved 1048576K
}
Event: 5.186 GC heap before
{Heap before GC invocations=25 (full 0):
 garbage-first heap   total 138240K, used 113888K [0x0000000080000000, 0x0000000100000000)
  region size 1024K, 42 young (43008K), 5 survivors (5120K)
 Metaspace       used 81583K, committed 83520K, reserved 1179648K
  class space    used 10993K, committed 11968K, reserved 1048576K
}
Event: 5.188 GC heap after
{Heap after GC invocations=26 (full 0):
 garbage-first heap   total 138240K, used 79291K [0x0000000080000000, 0x0000000100000000)
  region size 1024K, 3 young (3072K), 3 survivors (3072K)
 Metaspace       used 81583K, committed 83520K, reserved 1179648K
  class space    used 10993K, committed 11968K, reserved 1048576K
}
Event: 5.467 GC heap before
{Heap before GC invocations=27 (full 0):
 garbage-first heap   total 140288K, used 126395K [0x0000000080000000, 0x0000000100000000)
  region size 1024K, 48 young (49152K), 3 survivors (3072K)
 Metaspace       used 85208K, committed 87104K, reserved 1179648K
  class space    used 11655K, committed 12608K, reserved 1048576K
}
Event: 5.469 GC heap after
{Heap after GC invocations=28 (full 0):
 garbage-first heap   total 140288K, used 80598K [0x0000000080000000, 0x0000000100000000)
  region size 1024K, 4 young (4096K), 4 survivors (4096K)
 Metaspace       used 85208K, committed 87104K, reserved 1179648K
  class space    used 11655K, committed 12608K, reserved 1048576K
}
Event: 5.787 GC heap before
{Heap before GC invocations=28 (full 0):
 garbage-first heap   total 140288K, used 126678K [0x0000000080000000, 0x0000000100000000)
  region size 1024K, 49 young (50176K), 4 survivors (4096K)
 Metaspace       used 89425K, committed 91392K, reserved 1179648K
  class space    used 12236K, committed 13248K, reserved 1048576K
}
Event: 5.790 GC heap after
{Heap after GC invocations=29 (full 0):
 garbage-first heap   total 140288K, used 82656K [0x0000000080000000, 0x0000000100000000)
  region size 1024K, 7 young (7168K), 7 survivors (7168K)
 Metaspace       used 89425K, committed 91392K, reserved 1179648K
  class space    used 12236K, committed 13248K, reserved 1048576K
}
Event: 108.695 GC heap before
{Heap before GC invocations=29 (full 0):
 garbage-first heap   total 140288K, used 115424K [0x0000000080000000, 0x0000000100000000)
  region size 1024K, 40 young (40960K), 7 survivors (7168K)
 Metaspace       used 93158K, committed 95168K, reserved 1179648K
  class space    used 12819K, committed 13824K, reserved 1048576K
}
Event: 108.698 GC heap after
{Heap after GC invocations=30 (full 0):
 garbage-first heap   total 140288K, used 85254K [0x0000000080000000, 0x0000000100000000)
  region size 1024K, 6 young (6144K), 6 survivors (6144K)
 Metaspace       used 93158K, committed 95168K, reserved 1179648K
  class space    used 12819K, committed 13824K, reserved 1048576K
}
Event: 109.028 GC heap before
{Heap before GC invocations=31 (full 0):
 garbage-first heap   total 168960K, used 142598K [0x0000000080000000, 0x0000000100000000)
  region size 1024K, 43 young (44032K), 6 survivors (6144K)
 Metaspace       used 94606K, committed 96768K, reserved 1179648K
  class space    used 13046K, committed 14144K, reserved 1048576K
}
Event: 109.031 GC heap after
{Heap after GC invocations=32 (full 0):
 garbage-first heap   total 168960K, used 114477K [0x0000000080000000, 0x0000000100000000)
  region size 1024K, 6 young (6144K), 6 survivors (6144K)
 Metaspace       used 94606K, committed 96768K, reserved 1179648K
  class space    used 13046K, committed 14144K, reserved 1048576K
}
Event: 109.269 GC heap before
{Heap before GC invocations=32 (full 0):
 garbage-first heap   total 168960K, used 158509K [0x0000000080000000, 0x0000000100000000)
  region size 1024K, 44 young (45056K), 6 survivors (6144K)
 Metaspace       used 97305K, committed 99520K, reserved 1179648K
  class space    used 13425K, committed 14528K, reserved 1048576K
}
Event: 109.274 GC heap after
{Heap after GC invocations=33 (full 0):
 garbage-first heap   total 174080K, used 126206K [0x0000000080000000, 0x0000000100000000)
  region size 1024K, 6 young (6144K), 6 survivors (6144K)
 Metaspace       used 97305K, committed 99520K, reserved 1179648K
  class space    used 13425K, committed 14528K, reserved 1048576K
}
Event: 109.451 GC heap before
{Heap before GC invocations=33 (full 0):
 garbage-first heap   total 174080K, used 156926K [0x0000000080000000, 0x0000000100000000)
  region size 1024K, 37 young (37888K), 6 survivors (6144K)
 Metaspace       used 100258K, committed 102400K, reserved 1179648K
  class space    used 13902K, committed 14976K, reserved 1048576K
}
Event: 109.454 GC heap after
{Heap after GC invocations=34 (full 0):
 garbage-first heap   total 174080K, used 128432K [0x0000000080000000, 0x0000000100000000)
  region size 1024K, 3 young (3072K), 3 survivors (3072K)
 Metaspace       used 100258K, committed 102400K, reserved 1179648K
  class space    used 13902K, committed 14976K, reserved 1048576K
}

